2019-11-27 21:01:10,908 p=6498 u=student |  ERROR! Syntax Error while loading YAML.
  mapping values are not allowed in this context

The error appears to have been in '/home/student/troubleshoot-playbook/samba.yml': line 45, column 14, but may
be elsewhere in the file depending on the exact syntax problem.

The offending line appears to be:

  - name: deliver samba config
     template:
             ^ here

2019-11-27 21:02:23,139 passlib.registry registered 'md5_crypt' handler: <class 'passlib.handlers.md5_crypt.md5_crypt'>
2019-11-27 21:02:23,146 p=6526 u=student |  playbook: samba.yml
2019-11-27 21:04:51,499 passlib.registry registered 'md5_crypt' handler: <class 'passlib.handlers.md5_crypt.md5_crypt'>
2019-11-27 21:04:51,518 p=6608 u=student |  PLAY [Install a samba server] **********************************************************************************
2019-11-27 21:04:51,587 p=6608 u=student |  TASK [Gathering Facts] *****************************************************************************************
2019-11-27 21:05:02,454 p=6608 u=student |  fatal: [servera.lab.exammple.com]: UNREACHABLE! => {"changed": false, "msg": "Failed to connect to the host via ssh: ssh: connect to host servera.lab.exammple.com port 22: Connection timed out\r\n", "unreachable": true}
2019-11-27 21:05:02,458 p=6608 u=student |  	to retry, use: --limit @/home/student/troubleshoot-playbook/samba.retry

2019-11-27 21:05:02,458 p=6608 u=student |  PLAY RECAP *****************************************************************************************************
2019-11-27 21:05:02,458 p=6608 u=student |  servera.lab.exammple.com   : ok=0    changed=0    unreachable=1    failed=0   
2019-11-27 21:06:05,022 passlib.registry registered 'md5_crypt' handler: <class 'passlib.handlers.md5_crypt.md5_crypt'>
2019-11-27 21:06:05,030 p=6696 u=student |  PLAY [Install a samba server] **********************************************************************************
2019-11-27 21:06:05,047 p=6696 u=student |  TASK [Gathering Facts] *****************************************************************************************
2019-11-27 21:06:08,266 p=6696 u=student |  ok: [servera.lab.example.com]
2019-11-27 21:06:08,292 p=6696 u=student |  TASK [install samba] *******************************************************************************************
2019-11-27 21:06:20,351 p=6696 u=student |  changed: [servera.lab.example.com]
2019-11-27 21:06:20,372 p=6696 u=student |  TASK [install firewalld] ***************************************************************************************
2019-11-27 21:06:21,298 p=6696 u=student |  ok: [servera.lab.example.com]
2019-11-27 21:06:21,325 p=6696 u=student |  TASK [debug install_state variable] ****************************************************************************
2019-11-27 21:06:21,401 p=6696 u=student |  ok: [servera.lab.example.com] => {
    "msg": "The state for the samba service is installed"
}
2019-11-27 21:06:21,440 p=6696 u=student |  TASK [start samba] *********************************************************************************************
2019-11-27 21:06:22,638 p=6696 u=student |  changed: [servera.lab.example.com]
2019-11-27 21:06:22,661 p=6696 u=student |  TASK [start firewalld] *****************************************************************************************
2019-11-27 21:06:23,349 p=6696 u=student |  ok: [servera.lab.example.com]
2019-11-27 21:06:23,369 p=6696 u=student |  TASK [configure firewall for samba] ****************************************************************************
2019-11-27 21:06:24,623 p=6696 u=student |  changed: [servera.lab.example.com]
2019-11-27 21:06:24,657 p=6696 u=student |  TASK [deliver samba config] ************************************************************************************
2019-11-27 21:06:24,921 p=6696 u=student |  fatal: [servera.lab.example.com]: FAILED! => {"changed": false, "msg": "Could not find or access 'samba.j2'\nSearched in:\n\t/home/student/troubleshoot-playbook/templates/samba.j2\n\t/home/student/troubleshoot-playbook/samba.j2\n\t/home/student/troubleshoot-playbook/templates/samba.j2\n\t/home/student/troubleshoot-playbook/samba.j2 on the Ansible Controller.\nIf you are using a module and expect the file to exist on the remote, see the remote_src option"}
2019-11-27 21:06:24,925 p=6696 u=student |  	to retry, use: --limit @/home/student/troubleshoot-playbook/samba.retry

2019-11-27 21:06:24,925 p=6696 u=student |  PLAY RECAP *****************************************************************************************************
2019-11-27 21:06:24,925 p=6696 u=student |  servera.lab.example.com    : ok=7    changed=3    unreachable=0    failed=1   
2019-11-27 21:13:35,844 p=6881 u=student |  ansible-playbook 2.7.1
  config file = /home/student/troubleshoot-playbook/ansible.cfg
  configured module search path = [u'/home/student/.ansible/plugins/modules', u'/usr/share/ansible/plugins/modules']
  ansible python module location = /usr/lib/python2.7/site-packages/ansible
  executable location = /usr/bin/ansible-playbook
  python version = 2.7.5 (default, Sep 12 2018, 05:31:16) [GCC 4.8.5 20150623 (Red Hat 4.8.5-36)]
2019-11-27 21:13:35,845 p=6881 u=student |  Using /home/student/troubleshoot-playbook/ansible.cfg as config file
2019-11-27 21:13:35,870 p=6881 u=student |  /home/student/troubleshoot-playbook/inventory did not meet host_list requirements, check plugin documentation if this is unexpected
2019-11-27 21:13:35,870 p=6881 u=student |  /home/student/troubleshoot-playbook/inventory did not meet script requirements, check plugin documentation if this is unexpected
2019-11-27 21:13:35,878 p=6881 u=student |  Parsed /home/student/troubleshoot-playbook/inventory inventory source with ini plugin
2019-11-27 21:13:36,421 p=6881 u=student |  PLAYBOOK: samba.yml ********************************************************************************************
2019-11-27 21:13:36,421 p=6881 u=student |  1 plays in samba.yml
2019-11-27 21:13:36,484 passlib.registry registered 'md5_crypt' handler: <class 'passlib.handlers.md5_crypt.md5_crypt'>
2019-11-27 21:13:36,497 p=6881 u=student |  PLAY [Install a samba server] **********************************************************************************
2019-11-27 21:13:36,517 p=6881 u=student |  TASK [Gathering Facts] *****************************************************************************************
2019-11-27 21:13:36,518 p=6881 u=student |  task path: /home/student/troubleshoot-playbook/samba.yml:2
2019-11-27 21:13:37,635 p=6881 u=student |  Using module file /usr/lib/python2.7/site-packages/ansible/modules/system/setup.py
2019-11-27 21:13:37,963 p=6881 u=student |  Escalation succeeded
2019-11-27 21:13:38,605 p=6881 u=student |  ok: [servera.lab.example.com]
2019-11-27 21:13:38,607 p=6881 u=student |  META: ran handlers
2019-11-27 21:13:38,643 p=6881 u=student |  TASK [install samba] *******************************************************************************************
2019-11-27 21:13:38,643 p=6881 u=student |  task path: /home/student/troubleshoot-playbook/samba.yml:11
2019-11-27 21:13:39,191 p=6881 u=student |  Using module file /usr/lib/python2.7/site-packages/ansible/modules/packaging/os/yum.py
2019-11-27 21:13:39,479 p=6881 u=student |  Escalation succeeded
2019-11-27 21:13:39,987 p=6881 u=student |  ok: [servera.lab.example.com] => {
    "changed": false, 
    "invocation": {
        "module_args": {
            "allow_downgrade": false, 
            "autoremove": false, 
            "bugfix": false, 
            "conf_file": null, 
            "disable_excludes": null, 
            "disable_gpg_check": false, 
            "disable_plugin": [], 
            "disablerepo": [], 
            "download_only": false, 
            "enable_plugin": [], 
            "enablerepo": [], 
            "exclude": [], 
            "install_repoquery": true, 
            "installroot": "/", 
            "list": null, 
            "name": [
                "samba"
            ], 
            "releasever": null, 
            "security": false, 
            "skip_broken": false, 
            "state": "installed", 
            "update_cache": false, 
            "update_only": false, 
            "use_backend": "auto", 
            "validate_certs": true
        }
    }, 
    "msg": "", 
    "rc": 0, 
    "results": [
        "samba-4.8.3-4.el7.x86_64 providing samba is already installed"
    ]
}
2019-11-27 21:13:40,019 p=6881 u=student |  TASK [install firewalld] ***************************************************************************************
2019-11-27 21:13:40,020 p=6881 u=student |  task path: /home/student/troubleshoot-playbook/samba.yml:16
2019-11-27 21:13:40,278 p=6881 u=student |  Using module file /usr/lib/python2.7/site-packages/ansible/modules/packaging/os/yum.py
2019-11-27 21:13:40,606 p=6881 u=student |  Escalation succeeded
2019-11-27 21:13:41,165 p=6881 u=student |  ok: [servera.lab.example.com] => {
    "changed": false, 
    "invocation": {
        "module_args": {
            "allow_downgrade": false, 
            "autoremove": false, 
            "bugfix": false, 
            "conf_file": null, 
            "disable_excludes": null, 
            "disable_gpg_check": false, 
            "disable_plugin": [], 
            "disablerepo": [], 
            "download_only": false, 
            "enable_plugin": [], 
            "enablerepo": [], 
            "exclude": [], 
            "install_repoquery": true, 
            "installroot": "/", 
            "list": null, 
            "name": [
                "firewalld"
            ], 
            "releasever": null, 
            "security": false, 
            "skip_broken": false, 
            "state": "installed", 
            "update_cache": false, 
            "update_only": false, 
            "use_backend": "auto", 
            "validate_certs": true
        }
    }, 
    "msg": "", 
    "rc": 0, 
    "results": [
        "firewalld-0.5.3-5.el7.noarch providing firewalld is already installed"
    ]
}
2019-11-27 21:13:41,202 p=6881 u=student |  TASK [debug install_state variable] ****************************************************************************
2019-11-27 21:13:41,203 p=6881 u=student |  task path: /home/student/troubleshoot-playbook/samba.yml:21
2019-11-27 21:13:41,346 p=6881 u=student |  ok: [servera.lab.example.com] => {
    "msg": "The state for the samba service is installed"
}
2019-11-27 21:13:41,386 p=6881 u=student |  TASK [start samba] *********************************************************************************************
2019-11-27 21:13:41,387 p=6881 u=student |  task path: /home/student/troubleshoot-playbook/samba.yml:25
2019-11-27 21:13:41,919 p=6881 u=student |  Using module file /usr/lib/python2.7/site-packages/ansible/modules/system/systemd.py
2019-11-27 21:13:42,191 p=6881 u=student |  Escalation succeeded
2019-11-27 21:13:42,485 p=6881 u=student |  ok: [servera.lab.example.com] => {
    "changed": false, 
    "enabled": true, 
    "invocation": {
        "module_args": {
            "daemon_reload": false, 
            "enabled": true, 
            "force": null, 
            "masked": null, 
            "name": "smb", 
            "no_block": false, 
            "scope": null, 
            "state": "started", 
            "user": null
        }
    }, 
    "name": "smb", 
    "state": "started", 
    "status": {
        "ActiveEnterTimestamp": "Wed 2019-11-27 21:06:22 EST", 
        "ActiveEnterTimestampMonotonic": "6187653846", 
        "ActiveExitTimestampMonotonic": "0", 
        "ActiveState": "active", 
        "After": "basic.target nmb.service winbind.service network.target systemd-journald.socket system.slice", 
        "AllowIsolate": "no", 
        "AmbientCapabilities": "0", 
        "AssertResult": "yes", 
        "AssertTimestamp": "Wed 2019-11-27 21:06:22 EST", 
        "AssertTimestampMonotonic": "6187483639", 
        "Before": "multi-user.target shutdown.target", 
        "BlockIOAccounting": "no", 
        "BlockIOWeight": "18446744073709551615", 
        "CPUAccounting": "no", 
        "CPUQuotaPerSecUSec": "infinity", 
        "CPUSchedulingPolicy": "0", 
        "CPUSchedulingPriority": "0", 
        "CPUSchedulingResetOnFork": "no", 
        "CPUShares": "18446744073709551615", 
        "CanIsolate": "no", 
        "CanReload": "yes", 
        "CanStart": "yes", 
        "CanStop": "yes", 
        "CapabilityBoundingSet": "18446744073709551615", 
        "ConditionResult": "yes", 
        "ConditionTimestamp": "Wed 2019-11-27 21:06:22 EST", 
        "ConditionTimestampMonotonic": "6187483637", 
        "Conflicts": "shutdown.target", 
        "ControlGroup": "/system.slice/smb.service", 
        "ControlPID": "0", 
        "DefaultDependencies": "yes", 
        "Delegate": "no", 
        "Description": "Samba SMB Daemon", 
        "DevicePolicy": "auto", 
        "Documentation": "man:smbd(8) man:samba(7) man:smb.conf(5)", 
        "Environment": "KRB5CCNAME=FILE:/run/samba/krb5cc_samba", 
        "EnvironmentFile": "/etc/sysconfig/samba (ignore_errors=yes)", 
        "ExecMainCode": "0", 
        "ExecMainExitTimestampMonotonic": "0", 
        "ExecMainPID": "3918", 
        "ExecMainStartTimestamp": "Wed 2019-11-27 21:06:22 EST", 
        "ExecMainStartTimestampMonotonic": "6187485925", 
        "ExecMainStatus": "0", 
        "ExecReload": "{ path=/bin/kill ; argv[]=/bin/kill -HUP $MAINPID ; ignore_errors=no ; start_time=[n/a] ; stop_time=[n/a] ; pid=0 ; code=(null) ; status=0/0 }", 
        "ExecStart": "{ path=/usr/sbin/smbd ; argv[]=/usr/sbin/smbd --foreground --no-process-group $SMBDOPTIONS ; ignore_errors=no ; start_time=[Wed 2019-11-27 21:06:22 EST] ; stop_time=[n/a] ; pid=3918 ; code=(null) ; status=0/0 }", 
        "FailureAction": "none", 
        "FileDescriptorStoreMax": "0", 
        "FragmentPath": "/usr/lib/systemd/system/smb.service", 
        "GuessMainPID": "yes", 
        "IOScheduling": "0", 
        "Id": "smb.service", 
        "IgnoreOnIsolate": "no", 
        "IgnoreOnSnapshot": "no", 
        "IgnoreSIGPIPE": "yes", 
        "InactiveEnterTimestampMonotonic": "0", 
        "InactiveExitTimestamp": "Wed 2019-11-27 21:06:22 EST", 
        "InactiveExitTimestampMonotonic": "6187485974", 
        "JobTimeoutAction": "none", 
        "JobTimeoutUSec": "0", 
        "KillMode": "control-group", 
        "KillSignal": "15", 
        "LimitAS": "18446744073709551615", 
        "LimitCORE": "18446744073709551615", 
        "LimitCPU": "18446744073709551615", 
        "LimitDATA": "18446744073709551615", 
        "LimitFSIZE": "18446744073709551615", 
        "LimitLOCKS": "18446744073709551615", 
        "LimitMEMLOCK": "65536", 
        "LimitMSGQUEUE": "819200", 
        "LimitNICE": "0", 
        "LimitNOFILE": "16384", 
        "LimitNPROC": "3791", 
        "LimitRSS": "18446744073709551615", 
        "LimitRTPRIO": "0", 
        "LimitRTTIME": "18446744073709551615", 
        "LimitSIGPENDING": "3791", 
        "LimitSTACK": "18446744073709551615", 
        "LoadState": "loaded", 
        "MainPID": "3918", 
        "MemoryAccounting": "no", 
        "MemoryCurrent": "18446744073709551615", 
        "MemoryLimit": "18446744073709551615", 
        "MountFlags": "0", 
        "Names": "smb.service", 
        "NeedDaemonReload": "no", 
        "Nice": "0", 
        "NoNewPrivileges": "no", 
        "NonBlocking": "no", 
        "NotifyAccess": "all", 
        "OOMScoreAdjust": "0", 
        "OnFailureJobMode": "replace", 
        "PIDFile": "/run/smbd.pid", 
        "PermissionsStartOnly": "no", 
        "PrivateDevices": "no", 
        "PrivateNetwork": "no", 
        "PrivateTmp": "no", 
        "ProtectHome": "no", 
        "ProtectSystem": "no", 
        "RefuseManualStart": "no", 
        "RefuseManualStop": "no", 
        "RemainAfterExit": "no", 
        "Requires": "basic.target", 
        "Restart": "no", 
        "RestartUSec": "100ms", 
        "Result": "success", 
        "RootDirectoryStartOnly": "no", 
        "RuntimeDirectoryMode": "0755", 
        "SameProcessGroup": "no", 
        "SecureBits": "0", 
        "SendSIGHUP": "no", 
        "SendSIGKILL": "yes", 
        "Slice": "system.slice", 
        "StandardError": "inherit", 
        "StandardInput": "null", 
        "StandardOutput": "journal", 
        "StartLimitAction": "none", 
        "StartLimitBurst": "5", 
        "StartLimitInterval": "10000000", 
        "StartupBlockIOWeight": "18446744073709551615", 
        "StartupCPUShares": "18446744073709551615", 
        "StatusErrno": "0", 
        "StatusText": "smbd: ready to serve connections...", 
        "StopWhenUnneeded": "no", 
        "SubState": "running", 
        "SyslogLevelPrefix": "yes", 
        "SyslogPriority": "30", 
        "SystemCallErrorNumber": "0", 
        "TTYReset": "no", 
        "TTYVHangup": "no", 
        "TTYVTDisallocate": "no", 
        "TasksAccounting": "no", 
        "TasksCurrent": "18446744073709551615", 
        "TasksMax": "18446744073709551615", 
        "TimeoutStartUSec": "1min 30s", 
        "TimeoutStopUSec": "1min 30s", 
        "TimerSlackNSec": "50000", 
        "Transient": "no", 
        "Type": "notify", 
        "UMask": "0022", 
        "UnitFilePreset": "disabled", 
        "UnitFileState": "enabled", 
        "WantedBy": "multi-user.target", 
        "Wants": "system.slice", 
        "WatchdogTimestamp": "Wed 2019-11-27 21:06:22 EST", 
        "WatchdogTimestampMonotonic": "6187653743", 
        "WatchdogUSec": "0"
    }
}
2019-11-27 21:13:42,534 p=6881 u=student |  TASK [start firewalld] *****************************************************************************************
2019-11-27 21:13:42,535 p=6881 u=student |  task path: /home/student/troubleshoot-playbook/samba.yml:31
2019-11-27 21:13:42,753 p=6881 u=student |  Using module file /usr/lib/python2.7/site-packages/ansible/modules/system/systemd.py
2019-11-27 21:13:43,069 p=6881 u=student |  Escalation succeeded
2019-11-27 21:13:43,376 p=6881 u=student |  ok: [servera.lab.example.com] => {
    "changed": false, 
    "enabled": true, 
    "invocation": {
        "module_args": {
            "daemon_reload": false, 
            "enabled": true, 
            "force": null, 
            "masked": null, 
            "name": "firewalld", 
            "no_block": false, 
            "scope": null, 
            "state": "started", 
            "user": null
        }
    }, 
    "name": "firewalld", 
    "state": "started", 
    "status": {
        "ActiveEnterTimestamp": "Wed 2019-11-27 19:24:19 EST", 
        "ActiveEnterTimestampMonotonic": "64162607", 
        "ActiveExitTimestampMonotonic": "0", 
        "ActiveState": "active", 
        "After": "dbus.service basic.target polkit.service system.slice", 
        "AllowIsolate": "no", 
        "AmbientCapabilities": "0", 
        "AssertResult": "yes", 
        "AssertTimestamp": "Wed 2019-11-27 19:24:11 EST", 
        "AssertTimestampMonotonic": "56514689", 
        "Before": "multi-user.target network-pre.target shutdown.target", 
        "BlockIOAccounting": "no", 
        "BlockIOWeight": "18446744073709551615", 
        "BusName": "org.fedoraproject.FirewallD1", 
        "CPUAccounting": "no", 
        "CPUQuotaPerSecUSec": "infinity", 
        "CPUSchedulingPolicy": "0", 
        "CPUSchedulingPriority": "0", 
        "CPUSchedulingResetOnFork": "no", 
        "CPUShares": "18446744073709551615", 
        "CanIsolate": "no", 
        "CanReload": "yes", 
        "CanStart": "yes", 
        "CanStop": "yes", 
        "CapabilityBoundingSet": "18446744073709551615", 
        "ConditionResult": "yes", 
        "ConditionTimestamp": "Wed 2019-11-27 19:24:11 EST", 
        "ConditionTimestampMonotonic": "56514686", 
        "Conflicts": "ip6tables.service ipset.service iptables.service shutdown.target ebtables.service", 
        "ControlGroup": "/system.slice/firewalld.service", 
        "ControlPID": "0", 
        "DefaultDependencies": "yes", 
        "Delegate": "no", 
        "Description": "firewalld - dynamic firewall daemon", 
        "DevicePolicy": "auto", 
        "Documentation": "man:firewalld(1)", 
        "EnvironmentFile": "/etc/sysconfig/firewalld (ignore_errors=yes)", 
        "ExecMainCode": "0", 
        "ExecMainExitTimestampMonotonic": "0", 
        "ExecMainPID": "2653", 
        "ExecMainStartTimestamp": "Wed 2019-11-27 19:24:12 EST", 
        "ExecMainStartTimestampMonotonic": "57746650", 
        "ExecMainStatus": "0", 
        "ExecReload": "{ path=/bin/kill ; argv[]=/bin/kill -HUP $MAINPID ; ignore_errors=no ; start_time=[n/a] ; stop_time=[n/a] ; pid=0 ; code=(null) ; status=0/0 }", 
        "ExecStart": "{ path=/usr/sbin/firewalld ; argv[]=/usr/sbin/firewalld --nofork --nopid $FIREWALLD_ARGS ; ignore_errors=no ; start_time=[n/a] ; stop_time=[n/a] ; pid=0 ; code=(null) ; status=0/0 }", 
        "FailureAction": "none", 
        "FileDescriptorStoreMax": "0", 
        "FragmentPath": "/usr/lib/systemd/system/firewalld.service", 
        "GuessMainPID": "yes", 
        "IOScheduling": "0", 
        "Id": "firewalld.service", 
        "IgnoreOnIsolate": "no", 
        "IgnoreOnSnapshot": "no", 
        "IgnoreSIGPIPE": "yes", 
        "InactiveEnterTimestampMonotonic": "0", 
        "InactiveExitTimestamp": "Wed 2019-11-27 19:24:12 EST", 
        "InactiveExitTimestampMonotonic": "57750623", 
        "JobTimeoutAction": "none", 
        "JobTimeoutUSec": "0", 
        "KillMode": "mixed", 
        "KillSignal": "15", 
        "LimitAS": "18446744073709551615", 
        "LimitCORE": "18446744073709551615", 
        "LimitCPU": "18446744073709551615", 
        "LimitDATA": "18446744073709551615", 
        "LimitFSIZE": "18446744073709551615", 
        "LimitLOCKS": "18446744073709551615", 
        "LimitMEMLOCK": "65536", 
        "LimitMSGQUEUE": "819200", 
        "LimitNICE": "0", 
        "LimitNOFILE": "4096", 
        "LimitNPROC": "3791", 
        "LimitRSS": "18446744073709551615", 
        "LimitRTPRIO": "0", 
        "LimitRTTIME": "18446744073709551615", 
        "LimitSIGPENDING": "3791", 
        "LimitSTACK": "18446744073709551615", 
        "LoadState": "loaded", 
        "MainPID": "2653", 
        "MemoryAccounting": "no", 
        "MemoryCurrent": "18446744073709551615", 
        "MemoryLimit": "18446744073709551615", 
        "MountFlags": "0", 
        "Names": "firewalld.service", 
        "NeedDaemonReload": "no", 
        "Nice": "0", 
        "NoNewPrivileges": "no", 
        "NonBlocking": "no", 
        "NotifyAccess": "none", 
        "OOMScoreAdjust": "0", 
        "OnFailureJobMode": "replace", 
        "PermissionsStartOnly": "no", 
        "PrivateDevices": "no", 
        "PrivateNetwork": "no", 
        "PrivateTmp": "no", 
        "ProtectHome": "no", 
        "ProtectSystem": "no", 
        "RefuseManualStart": "no", 
        "RefuseManualStop": "no", 
        "RemainAfterExit": "no", 
        "Requires": "basic.target", 
        "Restart": "no", 
        "RestartUSec": "100ms", 
        "Result": "success", 
        "RootDirectoryStartOnly": "no", 
        "RuntimeDirectoryMode": "0755", 
        "SameProcessGroup": "no", 
        "SecureBits": "0", 
        "SendSIGHUP": "no", 
        "SendSIGKILL": "yes", 
        "Slice": "system.slice", 
        "StandardError": "null", 
        "StandardInput": "null", 
        "StandardOutput": "null", 
        "StartLimitAction": "none", 
        "StartLimitBurst": "5", 
        "StartLimitInterval": "10000000", 
        "StartupBlockIOWeight": "18446744073709551615", 
        "StartupCPUShares": "18446744073709551615", 
        "StatusErrno": "0", 
        "StopWhenUnneeded": "no", 
        "SubState": "running", 
        "SyslogLevelPrefix": "yes", 
        "SyslogPriority": "30", 
        "SystemCallErrorNumber": "0", 
        "TTYReset": "no", 
        "TTYVHangup": "no", 
        "TTYVTDisallocate": "no", 
        "TasksAccounting": "no", 
        "TasksCurrent": "18446744073709551615", 
        "TasksMax": "18446744073709551615", 
        "TimeoutStartUSec": "1min 30s", 
        "TimeoutStopUSec": "1min 30s", 
        "TimerSlackNSec": "50000", 
        "Transient": "no", 
        "Type": "dbus", 
        "UMask": "0022", 
        "UnitFilePreset": "enabled", 
        "UnitFileState": "enabled", 
        "WantedBy": "multi-user.target", 
        "Wants": "network-pre.target system.slice", 
        "WatchdogTimestamp": "Wed 2019-11-27 19:24:19 EST", 
        "WatchdogTimestampMonotonic": "64162346", 
        "WatchdogUSec": "0"
    }
}
2019-11-27 21:13:43,404 p=6881 u=student |  TASK [configure firewall for samba] ****************************************************************************
2019-11-27 21:13:43,404 p=6881 u=student |  task path: /home/student/troubleshoot-playbook/samba.yml:37
2019-11-27 21:13:43,859 p=6881 u=student |  Using module file /usr/lib/python2.7/site-packages/ansible/modules/system/firewalld.py
2019-11-27 21:13:44,158 p=6881 u=student |  Escalation succeeded
2019-11-27 21:13:44,824 p=6881 u=student |  ok: [servera.lab.example.com] => {
    "changed": false, 
    "invocation": {
        "module_args": {
            "immediate": true, 
            "interface": null, 
            "masquerade": null, 
            "offline": null, 
            "permanent": true, 
            "port": null, 
            "rich_rule": null, 
            "service": "samba", 
            "source": null, 
            "state": "enabled", 
            "timeout": 0, 
            "zone": null
        }
    }, 
    "msg": "Permanent and Non-Permanent(immediate) operation"
}
2019-11-27 21:13:44,855 p=6881 u=student |  TASK [deliver samba config] ************************************************************************************
2019-11-27 21:13:44,856 p=6881 u=student |  task path: /home/student/troubleshoot-playbook/samba.yml:44
2019-11-27 21:13:45,188 p=6881 u=student |  fatal: [servera.lab.example.com]: FAILED! => {
    "changed": false, 
    "msg": "Could not find or access 'samba.j2'\nSearched in:\n\t/home/student/troubleshoot-playbook/templates/samba.j2\n\t/home/student/troubleshoot-playbook/samba.j2\n\t/home/student/troubleshoot-playbook/templates/samba.j2\n\t/home/student/troubleshoot-playbook/samba.j2 on the Ansible Controller.\nIf you are using a module and expect the file to exist on the remote, see the remote_src option"
}
2019-11-27 21:13:45,192 p=6881 u=student |  	to retry, use: --limit @/home/student/troubleshoot-playbook/samba.retry

2019-11-27 21:13:45,193 p=6881 u=student |  PLAY RECAP *****************************************************************************************************
2019-11-27 21:13:45,193 p=6881 u=student |  servera.lab.example.com    : ok=7    changed=0    unreachable=0    failed=1   
2019-11-27 21:25:33,942 passlib.registry registered 'md5_crypt' handler: <class 'passlib.handlers.md5_crypt.md5_crypt'>
2019-11-27 21:25:33,951 p=7141 u=student |  PLAY [Install a samba server] **********************************************************************************
2019-11-27 21:25:33,967 p=7141 u=student |  TASK [Gathering Facts] *****************************************************************************************
2019-11-27 21:25:35,987 p=7141 u=student |  ok: [servera.lab.example.com]
2019-11-27 21:25:36,013 p=7141 u=student |  TASK [install samba] *******************************************************************************************
2019-11-27 21:25:37,221 p=7141 u=student |  ok: [servera.lab.example.com]
2019-11-27 21:25:37,241 p=7141 u=student |  TASK [install firewalld] ***************************************************************************************
2019-11-27 21:25:38,139 p=7141 u=student |  ok: [servera.lab.example.com]
2019-11-27 21:25:38,160 p=7141 u=student |  TASK [debug install_state variable] ****************************************************************************
2019-11-27 21:25:38,247 p=7141 u=student |  ok: [servera.lab.example.com] => {
    "msg": "The state for the samba service is installed"
}
2019-11-27 21:25:38,290 p=7141 u=student |  TASK [start samba] *********************************************************************************************
2019-11-27 21:25:39,118 p=7141 u=student |  ok: [servera.lab.example.com]
2019-11-27 21:25:39,142 p=7141 u=student |  TASK [start firewalld] *****************************************************************************************
2019-11-27 21:25:39,788 p=7141 u=student |  ok: [servera.lab.example.com]
2019-11-27 21:25:39,816 p=7141 u=student |  TASK [configure firewall for samba] ****************************************************************************
2019-11-27 21:25:40,959 p=7141 u=student |  ok: [servera.lab.example.com]
2019-11-27 21:25:40,984 p=7141 u=student |  TASK [deliver samba config] ************************************************************************************
2019-11-27 21:25:42,474 p=7141 u=student |  changed: [servera.lab.example.com]
2019-11-27 21:25:42,479 p=7141 u=student |  PLAY RECAP *****************************************************************************************************
2019-11-27 21:25:42,479 p=7141 u=student |  servera.lab.example.com    : ok=8    changed=1    unreachable=0    failed=0   
